2022-11-18 03:46:33,857 WARN com.zaxxer.hikari.pool.HikariPool$HouseKeeper [HikariPool-1 housekeeper] HikariPool-1 - Retrograde clock change detected (housekeeper delta=29s869ms), soft-evicting connections from pool.
2022-11-18 05:11:34,606 WARN com.zaxxer.hikari.pool.HikariPool$HouseKeeper [HikariPool-1 housekeeper] HikariPool-1 - Retrograde clock change detected (housekeeper delta=29s810ms), soft-evicting connections from pool.
2022-11-18 15:12:48,124 WARN com.zaxxer.hikari.pool.HikariPool$HouseKeeper [HikariPool-1 housekeeper] HikariPool-1 - Thread starvation or clock leap detected (housekeeper delta=3m8s391ms).
2022-11-18 15:14:15,495 WARN com.zaxxer.hikari.pool.HikariPool$HouseKeeper [HikariPool-1 housekeeper] HikariPool-1 - Thread starvation or clock leap detected (housekeeper delta=1m27s376ms).
2022-11-18 15:15:20,672 WARN com.zaxxer.hikari.pool.HikariPool$HouseKeeper [HikariPool-1 housekeeper] HikariPool-1 - Thread starvation or clock leap detected (housekeeper delta=1m5s177ms).
2022-11-18 15:18:12,664 WARN com.zaxxer.hikari.pool.HikariPool$HouseKeeper [HikariPool-1 housekeeper] HikariPool-1 - Thread starvation or clock leap detected (housekeeper delta=2m51s991ms).
2022-11-18 15:18:59,649 WARN com.zaxxer.hikari.pool.HikariPool$HouseKeeper [HikariPool-1 housekeeper] HikariPool-1 - Thread starvation or clock leap detected (housekeeper delta=46s986ms).
2022-11-18 15:19:45,845 WARN com.zaxxer.hikari.pool.HikariPool$HouseKeeper [HikariPool-1 housekeeper] HikariPool-1 - Thread starvation or clock leap detected (housekeeper delta=46s195ms).
2022-11-18 16:45:56,409 INFO org.springframework.boot.StartupInfoLogger [main] Starting BoilerPlateApplication using Java 11.0.15.1 on jeonjiman-ui-MacBookAir.local with PID 15831 (/Users/jeonjiman/Desktop/SPARTA/spring/boilerPlate/build/classes/java/main started by jeonjiman in /Users/jeonjiman/Desktop/SPARTA/spring/boilerPlate)
2022-11-18 16:45:56,411 INFO org.springframework.boot.SpringApplication [main] No active profile set, falling back to 1 default profile: "default"
2022-11-18 16:45:57,616 INFO org.springframework.data.repository.config.RepositoryConfigurationDelegate [main] Multiple Spring Data modules found, entering strict repository configuration mode
2022-11-18 16:45:57,618 INFO org.springframework.data.repository.config.RepositoryConfigurationDelegate [main] Bootstrapping Spring Data JPA repositories in DEFAULT mode.
2022-11-18 16:45:57,729 INFO org.springframework.data.repository.config.RepositoryConfigurationDelegate [main] Finished Spring Data repository scanning in 104 ms. Found 3 JPA repository interfaces.
2022-11-18 16:45:57,772 INFO org.springframework.data.repository.config.RepositoryConfigurationDelegate [main] Multiple Spring Data modules found, entering strict repository configuration mode
2022-11-18 16:45:57,773 INFO org.springframework.data.repository.config.RepositoryConfigurationDelegate [main] Bootstrapping Spring Data Redis repositories in DEFAULT mode.
2022-11-18 16:45:57,794 INFO org.springframework.data.repository.config.RepositoryConfigurationExtensionSupport [main] Spring Data Redis - Could not safely identify store assignment for repository candidate interface com.boilerplate.modules.account.infra.MemberRepository; If you want this repository to be a Redis repository, consider annotating your entities with one of these annotations: org.springframework.data.redis.core.RedisHash (preferred), or consider extending one of the following types with your repository: org.springframework.data.keyvalue.repository.KeyValueRepository
2022-11-18 16:45:57,799 INFO org.springframework.data.repository.config.RepositoryConfigurationExtensionSupport [main] Spring Data Redis - Could not safely identify store assignment for repository candidate interface com.boilerplate.modules.board.infra.BoardRepository; If you want this repository to be a Redis repository, consider annotating your entities with one of these annotations: org.springframework.data.redis.core.RedisHash (preferred), or consider extending one of the following types with your repository: org.springframework.data.keyvalue.repository.KeyValueRepository
2022-11-18 16:45:57,801 INFO org.springframework.data.repository.config.RepositoryConfigurationExtensionSupport [main] Spring Data Redis - Could not safely identify store assignment for repository candidate interface com.boilerplate.modules.post.infra.PostRepository; If you want this repository to be a Redis repository, consider annotating your entities with one of these annotations: org.springframework.data.redis.core.RedisHash (preferred), or consider extending one of the following types with your repository: org.springframework.data.keyvalue.repository.KeyValueRepository
2022-11-18 16:45:57,801 INFO org.springframework.data.repository.config.RepositoryConfigurationDelegate [main] Finished Spring Data repository scanning in 15 ms. Found 0 Redis repository interfaces.
2022-11-18 16:45:58,646 INFO org.springframework.boot.web.embedded.tomcat.TomcatWebServer [main] Tomcat initialized with port(s): 8080 (http)
2022-11-18 16:45:58,658 INFO org.apache.juli.logging.DirectJDKLog [main] Starting service [Tomcat]
2022-11-18 16:45:58,658 INFO org.apache.juli.logging.DirectJDKLog [main] Starting Servlet engine: [Apache Tomcat/9.0.68]
2022-11-18 16:45:58,865 INFO org.apache.juli.logging.DirectJDKLog [main] Initializing Spring embedded WebApplicationContext
2022-11-18 16:45:58,866 INFO org.springframework.boot.web.servlet.context.ServletWebServerApplicationContext [main] Root WebApplicationContext: initialization completed in 2400 ms
2022-11-18 16:45:59,121 INFO org.hibernate.jpa.internal.util.LogHelper [main] HHH000204: Processing PersistenceUnitInfo [name: default]
2022-11-18 16:45:59,152 INFO org.hibernate.Version [main] HHH000412: Hibernate ORM core version 5.6.12.Final
2022-11-18 16:45:59,310 INFO org.hibernate.annotations.common.reflection.java.JavaReflectionManager [main] HCANN000001: Hibernate Commons Annotations {5.1.2.Final}
2022-11-18 16:45:59,374 INFO com.zaxxer.hikari.HikariDataSource [main] HikariPool-1 - Starting...
2022-11-18 16:45:59,697 INFO com.zaxxer.hikari.HikariDataSource [main] HikariPool-1 - Start completed.
2022-11-18 16:45:59,712 INFO org.hibernate.dialect.Dialect [main] HHH000400: Using dialect: org.hibernate.dialect.MySQL8Dialect
2022-11-18 16:46:00,497 INFO org.hibernate.engine.transaction.jta.platform.internal.JtaPlatformInitiator [main] HHH000490: Using JtaPlatform implementation: [org.hibernate.engine.transaction.jta.platform.internal.NoJtaPlatform]
2022-11-18 16:46:00,513 INFO org.springframework.orm.jpa.AbstractEntityManagerFactoryBean [main] Initialized JPA EntityManagerFactory for persistence unit 'default'
2022-11-18 16:46:00,966 WARN org.springframework.boot.autoconfigure.orm.jpa.JpaBaseConfiguration$JpaWebConfiguration [main] spring.jpa.open-in-view is enabled by default. Therefore, database queries may be performed during view rendering. Explicitly configure spring.jpa.open-in-view to disable this warning
2022-11-18 16:46:01,075 DEBUG org.springframework.web.filter.GenericFilterBean [main] Filter 'forwardedHeaderFilter' configured for use
2022-11-18 16:46:01,259 WARN org.springframework.context.support.AbstractApplicationContext [main] Exception encountered during context initialization - cancelling refresh attempt: org.springframework.beans.factory.UnsatisfiedDependencyException: Error creating bean with name 'postService' defined in file [/Users/jeonjiman/Desktop/SPARTA/spring/boilerPlate/build/classes/java/main/com/boilerplate/modules/post/application/PostService.class]: Unsatisfied dependency expressed through constructor parameter 0; nested exception is org.springframework.beans.factory.BeanCreationException: Error creating bean with name 'postRepository' defined in com.boilerplate.modules.post.infra.PostRepository defined in @EnableJpaRepositories declared on JpaRepositoriesRegistrar.EnableJpaRepositoriesConfiguration: Invocation of init method failed; nested exception is org.springframework.data.repository.query.QueryCreationException: Could not create query for public abstract java.util.List com.boilerplate.modules.post.infra.PostRepository.findTop10ByCreatedAt(); Reason: Failed to create query for method public abstract java.util.List com.boilerplate.modules.post.infra.PostRepository.findTop10ByCreatedAt()! Method public abstract java.util.List com.boilerplate.modules.post.infra.PostRepository.findTop10ByCreatedAt() expects at least 1 arguments but only found 0. This leaves an operator of type SIMPLE_PROPERTY for property createdAt unbound.; nested exception is java.lang.IllegalArgumentException: Failed to create query for method public abstract java.util.List com.boilerplate.modules.post.infra.PostRepository.findTop10ByCreatedAt()! Method public abstract java.util.List com.boilerplate.modules.post.infra.PostRepository.findTop10ByCreatedAt() expects at least 1 arguments but only found 0. This leaves an operator of type SIMPLE_PROPERTY for property createdAt unbound.
2022-11-18 16:46:01,260 INFO org.springframework.orm.jpa.AbstractEntityManagerFactoryBean [main] Closing JPA EntityManagerFactory for persistence unit 'default'
2022-11-18 16:46:01,262 INFO com.zaxxer.hikari.HikariDataSource [main] HikariPool-1 - Shutdown initiated...
2022-11-18 16:46:01,281 INFO com.zaxxer.hikari.HikariDataSource [main] HikariPool-1 - Shutdown completed.
2022-11-18 16:46:01,283 INFO org.apache.juli.logging.DirectJDKLog [main] Stopping service [Tomcat]
2022-11-18 16:46:01,297 INFO org.springframework.boot.autoconfigure.logging.ConditionEvaluationReportLoggingListener [main] 

Error starting ApplicationContext. To display the conditions report re-run your application with 'debug' enabled.
2022-11-18 16:46:01,324 ERROR org.springframework.boot.SpringApplication [main] Application run failed
org.springframework.beans.factory.UnsatisfiedDependencyException: Error creating bean with name 'postService' defined in file [/Users/jeonjiman/Desktop/SPARTA/spring/boilerPlate/build/classes/java/main/com/boilerplate/modules/post/application/PostService.class]: Unsatisfied dependency expressed through constructor parameter 0; nested exception is org.springframework.beans.factory.BeanCreationException: Error creating bean with name 'postRepository' defined in com.boilerplate.modules.post.infra.PostRepository defined in @EnableJpaRepositories declared on JpaRepositoriesRegistrar.EnableJpaRepositoriesConfiguration: Invocation of init method failed; nested exception is org.springframework.data.repository.query.QueryCreationException: Could not create query for public abstract java.util.List com.boilerplate.modules.post.infra.PostRepository.findTop10ByCreatedAt(); Reason: Failed to create query for method public abstract java.util.List com.boilerplate.modules.post.infra.PostRepository.findTop10ByCreatedAt()! Method public abstract java.util.List com.boilerplate.modules.post.infra.PostRepository.findTop10ByCreatedAt() expects at least 1 arguments but only found 0. This leaves an operator of type SIMPLE_PROPERTY for property createdAt unbound.; nested exception is java.lang.IllegalArgumentException: Failed to create query for method public abstract java.util.List com.boilerplate.modules.post.infra.PostRepository.findTop10ByCreatedAt()! Method public abstract java.util.List com.boilerplate.modules.post.infra.PostRepository.findTop10ByCreatedAt() expects at least 1 arguments but only found 0. This leaves an operator of type SIMPLE_PROPERTY for property createdAt unbound.
	at org.springframework.beans.factory.support.ConstructorResolver.createArgumentArray(ConstructorResolver.java:800)
	at org.springframework.beans.factory.support.ConstructorResolver.autowireConstructor(ConstructorResolver.java:229)
	at org.springframework.beans.factory.support.AbstractAutowireCapableBeanFactory.autowireConstructor(AbstractAutowireCapableBeanFactory.java:1372)
	at org.springframework.beans.factory.support.AbstractAutowireCapableBeanFactory.createBeanInstance(AbstractAutowireCapableBeanFactory.java:1222)
	at org.springframework.beans.factory.support.AbstractAutowireCapableBeanFactory.doCreateBean(AbstractAutowireCapableBeanFactory.java:582)
	at org.springframework.beans.factory.support.AbstractAutowireCapableBeanFactory.createBean(AbstractAutowireCapableBeanFactory.java:542)
	at org.springframework.beans.factory.support.AbstractBeanFactory.lambda$doGetBean$0(AbstractBeanFactory.java:335)
	at org.springframework.beans.factory.support.DefaultSingletonBeanRegistry.getSingleton(DefaultSingletonBeanRegistry.java:234)
	at org.springframework.beans.factory.support.AbstractBeanFactory.doGetBean(AbstractBeanFactory.java:333)
	at org.springframework.beans.factory.support.AbstractBeanFactory.getBean(AbstractBeanFactory.java:208)
	at org.springframework.beans.factory.support.DefaultListableBeanFactory.preInstantiateSingletons(DefaultListableBeanFactory.java:955)
	at org.springframework.context.support.AbstractApplicationContext.finishBeanFactoryInitialization(AbstractApplicationContext.java:918)
	at org.springframework.context.support.AbstractApplicationContext.refresh(AbstractApplicationContext.java:583)
	at org.springframework.boot.web.servlet.context.ServletWebServerApplicationContext.refresh(ServletWebServerApplicationContext.java:147)
	at org.springframework.boot.SpringApplication.refresh(SpringApplication.java:734)
	at org.springframework.boot.SpringApplication.refreshContext(SpringApplication.java:408)
	at org.springframework.boot.SpringApplication.run(SpringApplication.java:308)
	at org.springframework.boot.SpringApplication.run(SpringApplication.java:1306)
	at org.springframework.boot.SpringApplication.run(SpringApplication.java:1295)
	at com.boilerplate.BoilerPlateApplication.main(BoilerPlateApplication.java:13)
Caused by: org.springframework.beans.factory.BeanCreationException: Error creating bean with name 'postRepository' defined in com.boilerplate.modules.post.infra.PostRepository defined in @EnableJpaRepositories declared on JpaRepositoriesRegistrar.EnableJpaRepositoriesConfiguration: Invocation of init method failed; nested exception is org.springframework.data.repository.query.QueryCreationException: Could not create query for public abstract java.util.List com.boilerplate.modules.post.infra.PostRepository.findTop10ByCreatedAt(); Reason: Failed to create query for method public abstract java.util.List com.boilerplate.modules.post.infra.PostRepository.findTop10ByCreatedAt()! Method public abstract java.util.List com.boilerplate.modules.post.infra.PostRepository.findTop10ByCreatedAt() expects at least 1 arguments but only found 0. This leaves an operator of type SIMPLE_PROPERTY for property createdAt unbound.; nested exception is java.lang.IllegalArgumentException: Failed to create query for method public abstract java.util.List com.boilerplate.modules.post.infra.PostRepository.findTop10ByCreatedAt()! Method public abstract java.util.List com.boilerplate.modules.post.infra.PostRepository.findTop10ByCreatedAt() expects at least 1 arguments but only found 0. This leaves an operator of type SIMPLE_PROPERTY for property createdAt unbound.
	at org.springframework.beans.factory.support.AbstractAutowireCapableBeanFactory.initializeBean(AbstractAutowireCapableBeanFactory.java:1804)
	at org.springframework.beans.factory.support.AbstractAutowireCapableBeanFactory.doCreateBean(AbstractAutowireCapableBeanFactory.java:620)
	at org.springframework.beans.factory.support.AbstractAutowireCapableBeanFactory.createBean(AbstractAutowireCapableBeanFactory.java:542)
	at org.springframework.beans.factory.support.AbstractBeanFactory.lambda$doGetBean$0(AbstractBeanFactory.java:335)
	at org.springframework.beans.factory.support.DefaultSingletonBeanRegistry.getSingleton(DefaultSingletonBeanRegistry.java:234)
	at org.springframework.beans.factory.support.AbstractBeanFactory.doGetBean(AbstractBeanFactory.java:333)
	at org.springframework.beans.factory.support.AbstractBeanFactory.getBean(AbstractBeanFactory.java:208)
	at org.springframework.beans.factory.config.DependencyDescriptor.resolveCandidate(DependencyDescriptor.java:276)
	at org.springframework.beans.factory.support.DefaultListableBeanFactory.doResolveDependency(DefaultListableBeanFactory.java:1391)
	at org.springframework.beans.factory.support.DefaultListableBeanFactory.resolveDependency(DefaultListableBeanFactory.java:1311)
	at org.springframework.beans.factory.support.ConstructorResolver.resolveAutowiredArgument(ConstructorResolver.java:887)
	at org.springframework.beans.factory.support.ConstructorResolver.createArgumentArray(ConstructorResolver.java:791)
	... 19 common frames omitted
Caused by: org.springframework.data.repository.query.QueryCreationException: Could not create query for public abstract java.util.List com.boilerplate.modules.post.infra.PostRepository.findTop10ByCreatedAt(); Reason: Failed to create query for method public abstract java.util.List com.boilerplate.modules.post.infra.PostRepository.findTop10ByCreatedAt()! Method public abstract java.util.List com.boilerplate.modules.post.infra.PostRepository.findTop10ByCreatedAt() expects at least 1 arguments but only found 0. This leaves an operator of type SIMPLE_PROPERTY for property createdAt unbound.; nested exception is java.lang.IllegalArgumentException: Failed to create query for method public abstract java.util.List com.boilerplate.modules.post.infra.PostRepository.findTop10ByCreatedAt()! Method public abstract java.util.List com.boilerplate.modules.post.infra.PostRepository.findTop10ByCreatedAt() expects at least 1 arguments but only found 0. This leaves an operator of type SIMPLE_PROPERTY for property createdAt unbound.
	at org.springframework.data.repository.query.QueryCreationException.create(QueryCreationException.java:101)
	at org.springframework.data.repository.core.support.QueryExecutorMethodInterceptor.lookupQuery(QueryExecutorMethodInterceptor.java:107)
	at org.springframework.data.repository.core.support.QueryExecutorMethodInterceptor.lambda$mapMethodsToQuery$1(QueryExecutorMethodInterceptor.java:95)
	at java.base/java.util.stream.ReferencePipeline$3$1.accept(ReferencePipeline.java:195)
	at java.base/java.util.Iterator.forEachRemaining(Iterator.java:133)
	at java.base/java.util.Collections$UnmodifiableCollection$1.forEachRemaining(Collections.java:1054)
	at java.base/java.util.Spliterators$IteratorSpliterator.forEachRemaining(Spliterators.java:1801)
	at java.base/java.util.stream.AbstractPipeline.copyInto(AbstractPipeline.java:484)
	at java.base/java.util.stream.AbstractPipeline.wrapAndCopyInto(AbstractPipeline.java:474)
	at java.base/java.util.stream.ReduceOps$ReduceOp.evaluateSequential(ReduceOps.java:913)
	at java.base/java.util.stream.AbstractPipeline.evaluate(AbstractPipeline.java:234)
	at java.base/java.util.stream.ReferencePipeline.collect(ReferencePipeline.java:578)
	at org.springframework.data.repository.core.support.QueryExecutorMethodInterceptor.mapMethodsToQuery(QueryExecutorMethodInterceptor.java:97)
	at org.springframework.data.repository.core.support.QueryExecutorMethodInterceptor.lambda$new$0(QueryExecutorMethodInterceptor.java:87)
	at java.base/java.util.Optional.map(Optional.java:265)
	at org.springframework.data.repository.core.support.QueryExecutorMethodInterceptor.<init>(QueryExecutorMethodInterceptor.java:87)
	at org.springframework.data.repository.core.support.RepositoryFactorySupport.getRepository(RepositoryFactorySupport.java:365)
	at org.springframework.data.repository.core.support.RepositoryFactoryBeanSupport.lambda$afterPropertiesSet$5(RepositoryFactoryBeanSupport.java:323)
	at org.springframework.data.util.Lazy.getNullable(Lazy.java:231)
	at org.springframework.data.util.Lazy.get(Lazy.java:115)
	at org.springframework.data.repository.core.support.RepositoryFactoryBeanSupport.afterPropertiesSet(RepositoryFactoryBeanSupport.java:329)
	at org.springframework.data.jpa.repository.support.JpaRepositoryFactoryBean.afterPropertiesSet(JpaRepositoryFactoryBean.java:144)
	at org.springframework.beans.factory.support.AbstractAutowireCapableBeanFactory.invokeInitMethods(AbstractAutowireCapableBeanFactory.java:1863)
	at org.springframework.beans.factory.support.AbstractAutowireCapableBeanFactory.initializeBean(AbstractAutowireCapableBeanFactory.java:1800)
	... 30 common frames omitted
Caused by: java.lang.IllegalArgumentException: Failed to create query for method public abstract java.util.List com.boilerplate.modules.post.infra.PostRepository.findTop10ByCreatedAt()! Method public abstract java.util.List com.boilerplate.modules.post.infra.PostRepository.findTop10ByCreatedAt() expects at least 1 arguments but only found 0. This leaves an operator of type SIMPLE_PROPERTY for property createdAt unbound.
	at org.springframework.data.jpa.repository.query.PartTreeJpaQuery.<init>(PartTreeJpaQuery.java:96)
	at org.springframework.data.jpa.repository.query.JpaQueryLookupStrategy$CreateQueryLookupStrategy.resolveQuery(JpaQueryLookupStrategy.java:119)
	at org.springframework.data.jpa.repository.query.JpaQueryLookupStrategy$CreateIfNotFoundQueryLookupStrategy.resolveQuery(JpaQueryLookupStrategy.java:259)
	at org.springframework.data.jpa.repository.query.JpaQueryLookupStrategy$AbstractQueryLookupStrategy.resolveQuery(JpaQueryLookupStrategy.java:93)
	at org.springframework.data.repository.core.support.QueryExecutorMethodInterceptor.lookupQuery(QueryExecutorMethodInterceptor.java:103)
	... 52 common frames omitted
Caused by: java.lang.IllegalStateException: Method public abstract java.util.List com.boilerplate.modules.post.infra.PostRepository.findTop10ByCreatedAt() expects at least 1 arguments but only found 0. This leaves an operator of type SIMPLE_PROPERTY for property createdAt unbound.
	at org.springframework.data.jpa.repository.query.PartTreeJpaQuery.throwExceptionOnArgumentMismatch(PartTreeJpaQuery.java:161)
	at org.springframework.data.jpa.repository.query.PartTreeJpaQuery.validate(PartTreeJpaQuery.java:147)
	at org.springframework.data.jpa.repository.query.PartTreeJpaQuery.<init>(PartTreeJpaQuery.java:90)
	... 56 common frames omitted
2022-11-18 17:05:48,211 INFO org.springframework.boot.StartupInfoLogger [main] Starting BoilerPlateApplication using Java 11.0.15.1 on jeonjiman-ui-MacBookAir.local with PID 17295 (/Users/jeonjiman/Desktop/SPARTA/spring/boilerPlate/build/classes/java/main started by jeonjiman in /Users/jeonjiman/Desktop/SPARTA/spring/boilerPlate)
2022-11-18 17:05:48,214 INFO org.springframework.boot.SpringApplication [main] No active profile set, falling back to 1 default profile: "default"
2022-11-18 17:05:49,343 INFO org.springframework.data.repository.config.RepositoryConfigurationDelegate [main] Multiple Spring Data modules found, entering strict repository configuration mode
2022-11-18 17:05:49,344 INFO org.springframework.data.repository.config.RepositoryConfigurationDelegate [main] Bootstrapping Spring Data JPA repositories in DEFAULT mode.
2022-11-18 17:05:49,446 INFO org.springframework.data.repository.config.RepositoryConfigurationDelegate [main] Finished Spring Data repository scanning in 94 ms. Found 3 JPA repository interfaces.
2022-11-18 17:05:49,486 INFO org.springframework.data.repository.config.RepositoryConfigurationDelegate [main] Multiple Spring Data modules found, entering strict repository configuration mode
2022-11-18 17:05:49,489 INFO org.springframework.data.repository.config.RepositoryConfigurationDelegate [main] Bootstrapping Spring Data Redis repositories in DEFAULT mode.
2022-11-18 17:05:49,510 INFO org.springframework.data.repository.config.RepositoryConfigurationExtensionSupport [main] Spring Data Redis - Could not safely identify store assignment for repository candidate interface com.boilerplate.modules.account.infra.MemberRepository; If you want this repository to be a Redis repository, consider annotating your entities with one of these annotations: org.springframework.data.redis.core.RedisHash (preferred), or consider extending one of the following types with your repository: org.springframework.data.keyvalue.repository.KeyValueRepository
2022-11-18 17:05:49,511 INFO org.springframework.data.repository.config.RepositoryConfigurationExtensionSupport [main] Spring Data Redis - Could not safely identify store assignment for repository candidate interface com.boilerplate.modules.board.infra.BoardRepository; If you want this repository to be a Redis repository, consider annotating your entities with one of these annotations: org.springframework.data.redis.core.RedisHash (preferred), or consider extending one of the following types with your repository: org.springframework.data.keyvalue.repository.KeyValueRepository
2022-11-18 17:05:49,515 INFO org.springframework.data.repository.config.RepositoryConfigurationExtensionSupport [main] Spring Data Redis - Could not safely identify store assignment for repository candidate interface com.boilerplate.modules.post.infra.PostRepository; If you want this repository to be a Redis repository, consider annotating your entities with one of these annotations: org.springframework.data.redis.core.RedisHash (preferred), or consider extending one of the following types with your repository: org.springframework.data.keyvalue.repository.KeyValueRepository
2022-11-18 17:05:49,515 INFO org.springframework.data.repository.config.RepositoryConfigurationDelegate [main] Finished Spring Data repository scanning in 14 ms. Found 0 Redis repository interfaces.
2022-11-18 17:05:50,319 INFO org.springframework.boot.web.embedded.tomcat.TomcatWebServer [main] Tomcat initialized with port(s): 8080 (http)
2022-11-18 17:05:50,330 INFO org.apache.juli.logging.DirectJDKLog [main] Starting service [Tomcat]
2022-11-18 17:05:50,330 INFO org.apache.juli.logging.DirectJDKLog [main] Starting Servlet engine: [Apache Tomcat/9.0.68]
2022-11-18 17:05:50,516 INFO org.apache.juli.logging.DirectJDKLog [main] Initializing Spring embedded WebApplicationContext
2022-11-18 17:05:50,517 INFO org.springframework.boot.web.servlet.context.ServletWebServerApplicationContext [main] Root WebApplicationContext: initialization completed in 2253 ms
2022-11-18 17:05:50,750 INFO org.hibernate.jpa.internal.util.LogHelper [main] HHH000204: Processing PersistenceUnitInfo [name: default]
2022-11-18 17:05:50,782 INFO org.hibernate.Version [main] HHH000412: Hibernate ORM core version 5.6.12.Final
2022-11-18 17:05:50,894 INFO org.hibernate.annotations.common.reflection.java.JavaReflectionManager [main] HCANN000001: Hibernate Commons Annotations {5.1.2.Final}
2022-11-18 17:05:50,979 INFO com.zaxxer.hikari.HikariDataSource [main] HikariPool-1 - Starting...
2022-11-18 17:05:51,311 INFO com.zaxxer.hikari.HikariDataSource [main] HikariPool-1 - Start completed.
2022-11-18 17:05:51,323 INFO org.hibernate.dialect.Dialect [main] HHH000400: Using dialect: org.hibernate.dialect.MySQL8Dialect
2022-11-18 17:05:52,021 INFO org.hibernate.engine.transaction.jta.platform.internal.JtaPlatformInitiator [main] HHH000490: Using JtaPlatform implementation: [org.hibernate.engine.transaction.jta.platform.internal.NoJtaPlatform]
2022-11-18 17:05:52,026 INFO org.springframework.orm.jpa.AbstractEntityManagerFactoryBean [main] Initialized JPA EntityManagerFactory for persistence unit 'default'
2022-11-18 17:05:52,547 WARN org.springframework.boot.autoconfigure.orm.jpa.JpaBaseConfiguration$JpaWebConfiguration [main] spring.jpa.open-in-view is enabled by default. Therefore, database queries may be performed during view rendering. Explicitly configure spring.jpa.open-in-view to disable this warning
2022-11-18 17:05:52,655 DEBUG org.springframework.web.filter.GenericFilterBean [main] Filter 'forwardedHeaderFilter' configured for use
2022-11-18 17:05:53,081 WARN org.springframework.security.config.annotation.web.builders.WebSecurity [main] You are asking Spring Security to ignore Ant [pattern='/h2-console/**']. This is not recommended -- please use permitAll via HttpSecurity#authorizeHttpRequests instead.
2022-11-18 17:05:53,082 INFO org.springframework.security.web.DefaultSecurityFilterChain [main] Will not secure Ant [pattern='/h2-console/**']
2022-11-18 17:05:53,082 WARN org.springframework.security.config.annotation.web.builders.WebSecurity [main] You are asking Spring Security to ignore Ant [pattern='/api-docs/**']. This is not recommended -- please use permitAll via HttpSecurity#authorizeHttpRequests instead.
2022-11-18 17:05:53,082 INFO org.springframework.security.web.DefaultSecurityFilterChain [main] Will not secure Ant [pattern='/api-docs/**']
2022-11-18 17:05:53,082 WARN org.springframework.security.config.annotation.web.builders.WebSecurity [main] You are asking Spring Security to ignore Ant [pattern='/swagger-ui/**']. This is not recommended -- please use permitAll via HttpSecurity#authorizeHttpRequests instead.
2022-11-18 17:05:53,082 INFO org.springframework.security.web.DefaultSecurityFilterChain [main] Will not secure Ant [pattern='/swagger-ui/**']
2022-11-18 17:05:53,082 WARN org.springframework.security.config.annotation.web.builders.WebSecurity [main] You are asking Spring Security to ignore Ant [pattern='/v3/api-docs/**']. This is not recommended -- please use permitAll via HttpSecurity#authorizeHttpRequests instead.
2022-11-18 17:05:53,082 INFO org.springframework.security.web.DefaultSecurityFilterChain [main] Will not secure Ant [pattern='/v3/api-docs/**']
2022-11-18 17:05:53,192 DEBUG org.springframework.web.servlet.handler.AbstractHandlerMethodMapping [main] 24 mappings in 'requestMappingHandlerMapping'
2022-11-18 17:05:54,210 DEBUG org.springframework.web.servlet.handler.SimpleUrlHandlerMapping [main] Patterns [/webjars/**, /**, /swagger-ui*/**] in 'resourceHandlerMapping'
2022-11-18 17:05:54,217 INFO org.springframework.security.web.DefaultSecurityFilterChain [main] Will secure any request with [org.springframework.security.web.session.DisableEncodeUrlFilter@5ab7e997, org.springframework.security.web.context.request.async.WebAsyncManagerIntegrationFilter@2552cb80, org.springframework.security.web.context.SecurityContextPersistenceFilter@6c8f5262, org.springframework.security.web.header.HeaderWriterFilter@39303a6, org.springframework.web.filter.CorsFilter@1b3b5252, org.springframework.security.web.authentication.logout.LogoutFilter@42bbd21c, com.boilerplate.security.filter.FormLoginFilter@217009bd, com.boilerplate.security.filter.JwtAuthFilter@adb15df, org.springframework.security.web.savedrequest.RequestCacheAwareFilter@7de2c19c, org.springframework.security.web.servletapi.SecurityContextHolderAwareRequestFilter@eb77241, org.springframework.security.web.authentication.AnonymousAuthenticationFilter@6f45be42, org.springframework.security.web.session.SessionManagementFilter@674c01ce, org.springframework.security.web.access.ExceptionTranslationFilter@1dc987b, org.springframework.security.web.access.intercept.FilterSecurityInterceptor@411e567e]
2022-11-18 17:05:54,286 DEBUG org.springframework.web.servlet.mvc.method.annotation.RequestMappingHandlerAdapter [main] ControllerAdvice beans: 0 @ModelAttribute, 0 @InitBinder, 1 RequestBodyAdvice, 1 ResponseBodyAdvice
2022-11-18 17:05:54,311 DEBUG org.springframework.web.servlet.mvc.method.annotation.ExceptionHandlerExceptionResolver [main] ControllerAdvice beans: 2 @ExceptionHandler, 1 ResponseBodyAdvice
2022-11-18 17:05:54,616 WARN org.springframework.context.support.AbstractApplicationContext [main] Exception encountered during context initialization - cancelling refresh attempt: org.springframework.context.ApplicationContextException: Failed to start bean 'webServerStartStop'; nested exception is org.springframework.boot.web.server.PortInUseException: Port 8080 is already in use
2022-11-18 17:05:54,636 INFO org.springframework.orm.jpa.AbstractEntityManagerFactoryBean [main] Closing JPA EntityManagerFactory for persistence unit 'default'
2022-11-18 17:05:54,638 INFO com.zaxxer.hikari.HikariDataSource [main] HikariPool-1 - Shutdown initiated...
2022-11-18 17:05:54,656 INFO com.zaxxer.hikari.HikariDataSource [main] HikariPool-1 - Shutdown completed.
2022-11-18 17:05:54,661 INFO org.apache.juli.logging.DirectJDKLog [main] Stopping service [Tomcat]
2022-11-18 17:05:54,676 INFO org.springframework.boot.autoconfigure.logging.ConditionEvaluationReportLoggingListener [main] 

Error starting ApplicationContext. To display the conditions report re-run your application with 'debug' enabled.
2022-11-18 17:05:54,700 ERROR org.springframework.boot.diagnostics.LoggingFailureAnalysisReporter [main] 

***************************
APPLICATION FAILED TO START
***************************

Description:

Web server failed to start. Port 8080 was already in use.

Action:

Identify and stop the process that's listening on port 8080 or configure this application to listen on another port.

2022-11-18 17:05:59,512 INFO org.springframework.orm.jpa.AbstractEntityManagerFactoryBean [SpringApplicationShutdownHook] Closing JPA EntityManagerFactory for persistence unit 'default'
2022-11-18 17:05:59,518 INFO com.zaxxer.hikari.HikariDataSource [SpringApplicationShutdownHook] HikariPool-1 - Shutdown initiated...
2022-11-18 17:05:59,535 INFO com.zaxxer.hikari.HikariDataSource [SpringApplicationShutdownHook] HikariPool-1 - Shutdown completed.
2022-11-18 17:06:05,699 INFO org.springframework.boot.StartupInfoLogger [main] Starting BoilerPlateApplication using Java 11.0.15.1 on jeonjiman-ui-MacBookAir.local with PID 17338 (/Users/jeonjiman/Desktop/SPARTA/spring/boilerPlate/build/classes/java/main started by jeonjiman in /Users/jeonjiman/Desktop/SPARTA/spring/boilerPlate)
2022-11-18 17:06:05,702 INFO org.springframework.boot.SpringApplication [main] No active profile set, falling back to 1 default profile: "default"
2022-11-18 17:06:06,860 INFO org.springframework.data.repository.config.RepositoryConfigurationDelegate [main] Multiple Spring Data modules found, entering strict repository configuration mode
2022-11-18 17:06:06,861 INFO org.springframework.data.repository.config.RepositoryConfigurationDelegate [main] Bootstrapping Spring Data JPA repositories in DEFAULT mode.
2022-11-18 17:06:06,977 INFO org.springframework.data.repository.config.RepositoryConfigurationDelegate [main] Finished Spring Data repository scanning in 107 ms. Found 3 JPA repository interfaces.
2022-11-18 17:06:07,016 INFO org.springframework.data.repository.config.RepositoryConfigurationDelegate [main] Multiple Spring Data modules found, entering strict repository configuration mode
2022-11-18 17:06:07,019 INFO org.springframework.data.repository.config.RepositoryConfigurationDelegate [main] Bootstrapping Spring Data Redis repositories in DEFAULT mode.
2022-11-18 17:06:07,039 INFO org.springframework.data.repository.config.RepositoryConfigurationExtensionSupport [main] Spring Data Redis - Could not safely identify store assignment for repository candidate interface com.boilerplate.modules.account.infra.MemberRepository; If you want this repository to be a Redis repository, consider annotating your entities with one of these annotations: org.springframework.data.redis.core.RedisHash (preferred), or consider extending one of the following types with your repository: org.springframework.data.keyvalue.repository.KeyValueRepository
2022-11-18 17:06:07,040 INFO org.springframework.data.repository.config.RepositoryConfigurationExtensionSupport [main] Spring Data Redis - Could not safely identify store assignment for repository candidate interface com.boilerplate.modules.board.infra.BoardRepository; If you want this repository to be a Redis repository, consider annotating your entities with one of these annotations: org.springframework.data.redis.core.RedisHash (preferred), or consider extending one of the following types with your repository: org.springframework.data.keyvalue.repository.KeyValueRepository
2022-11-18 17:06:07,042 INFO org.springframework.data.repository.config.RepositoryConfigurationExtensionSupport [main] Spring Data Redis - Could not safely identify store assignment for repository candidate interface com.boilerplate.modules.post.infra.PostRepository; If you want this repository to be a Redis repository, consider annotating your entities with one of these annotations: org.springframework.data.redis.core.RedisHash (preferred), or consider extending one of the following types with your repository: org.springframework.data.keyvalue.repository.KeyValueRepository
2022-11-18 17:06:07,042 INFO org.springframework.data.repository.config.RepositoryConfigurationDelegate [main] Finished Spring Data repository scanning in 11 ms. Found 0 Redis repository interfaces.
2022-11-18 17:06:07,795 INFO org.springframework.boot.web.embedded.tomcat.TomcatWebServer [main] Tomcat initialized with port(s): 8080 (http)
2022-11-18 17:06:07,807 INFO org.apache.juli.logging.DirectJDKLog [main] Starting service [Tomcat]
2022-11-18 17:06:07,807 INFO org.apache.juli.logging.DirectJDKLog [main] Starting Servlet engine: [Apache Tomcat/9.0.68]
2022-11-18 17:06:07,999 INFO org.apache.juli.logging.DirectJDKLog [main] Initializing Spring embedded WebApplicationContext
2022-11-18 17:06:08,000 INFO org.springframework.boot.web.servlet.context.ServletWebServerApplicationContext [main] Root WebApplicationContext: initialization completed in 2249 ms
2022-11-18 17:06:08,228 INFO org.hibernate.jpa.internal.util.LogHelper [main] HHH000204: Processing PersistenceUnitInfo [name: default]
2022-11-18 17:06:08,257 INFO org.hibernate.Version [main] HHH000412: Hibernate ORM core version 5.6.12.Final
2022-11-18 17:06:08,361 INFO org.hibernate.annotations.common.reflection.java.JavaReflectionManager [main] HCANN000001: Hibernate Commons Annotations {5.1.2.Final}
2022-11-18 17:06:08,420 INFO com.zaxxer.hikari.HikariDataSource [main] HikariPool-1 - Starting...
2022-11-18 17:06:08,769 INFO com.zaxxer.hikari.HikariDataSource [main] HikariPool-1 - Start completed.
2022-11-18 17:06:08,784 INFO org.hibernate.dialect.Dialect [main] HHH000400: Using dialect: org.hibernate.dialect.MySQL8Dialect
2022-11-18 17:06:09,518 INFO org.hibernate.engine.transaction.jta.platform.internal.JtaPlatformInitiator [main] HHH000490: Using JtaPlatform implementation: [org.hibernate.engine.transaction.jta.platform.internal.NoJtaPlatform]
2022-11-18 17:06:09,533 INFO org.springframework.orm.jpa.AbstractEntityManagerFactoryBean [main] Initialized JPA EntityManagerFactory for persistence unit 'default'
2022-11-18 17:06:09,962 WARN org.springframework.boot.autoconfigure.orm.jpa.JpaBaseConfiguration$JpaWebConfiguration [main] spring.jpa.open-in-view is enabled by default. Therefore, database queries may be performed during view rendering. Explicitly configure spring.jpa.open-in-view to disable this warning
2022-11-18 17:06:10,064 DEBUG org.springframework.web.filter.GenericFilterBean [main] Filter 'forwardedHeaderFilter' configured for use
2022-11-18 17:06:10,498 WARN org.springframework.security.config.annotation.web.builders.WebSecurity [main] You are asking Spring Security to ignore Ant [pattern='/h2-console/**']. This is not recommended -- please use permitAll via HttpSecurity#authorizeHttpRequests instead.
2022-11-18 17:06:10,499 INFO org.springframework.security.web.DefaultSecurityFilterChain [main] Will not secure Ant [pattern='/h2-console/**']
2022-11-18 17:06:10,499 WARN org.springframework.security.config.annotation.web.builders.WebSecurity [main] You are asking Spring Security to ignore Ant [pattern='/api-docs/**']. This is not recommended -- please use permitAll via HttpSecurity#authorizeHttpRequests instead.
2022-11-18 17:06:10,499 INFO org.springframework.security.web.DefaultSecurityFilterChain [main] Will not secure Ant [pattern='/api-docs/**']
2022-11-18 17:06:10,499 WARN org.springframework.security.config.annotation.web.builders.WebSecurity [main] You are asking Spring Security to ignore Ant [pattern='/swagger-ui/**']. This is not recommended -- please use permitAll via HttpSecurity#authorizeHttpRequests instead.
2022-11-18 17:06:10,499 INFO org.springframework.security.web.DefaultSecurityFilterChain [main] Will not secure Ant [pattern='/swagger-ui/**']
2022-11-18 17:06:10,500 WARN org.springframework.security.config.annotation.web.builders.WebSecurity [main] You are asking Spring Security to ignore Ant [pattern='/v3/api-docs/**']. This is not recommended -- please use permitAll via HttpSecurity#authorizeHttpRequests instead.
2022-11-18 17:06:10,500 INFO org.springframework.security.web.DefaultSecurityFilterChain [main] Will not secure Ant [pattern='/v3/api-docs/**']
2022-11-18 17:06:10,588 DEBUG org.springframework.web.servlet.handler.AbstractHandlerMethodMapping [main] 24 mappings in 'requestMappingHandlerMapping'
2022-11-18 17:06:11,648 DEBUG org.springframework.web.servlet.handler.SimpleUrlHandlerMapping [main] Patterns [/webjars/**, /**, /swagger-ui*/**] in 'resourceHandlerMapping'
2022-11-18 17:06:11,656 INFO org.springframework.security.web.DefaultSecurityFilterChain [main] Will secure any request with [org.springframework.security.web.session.DisableEncodeUrlFilter@47d7e8b5, org.springframework.security.web.context.request.async.WebAsyncManagerIntegrationFilter@3ce71bbb, org.springframework.security.web.context.SecurityContextPersistenceFilter@4a84beb7, org.springframework.security.web.header.HeaderWriterFilter@34ac72c3, org.springframework.web.filter.CorsFilter@661d49d1, org.springframework.security.web.authentication.logout.LogoutFilter@22c14d10, com.boilerplate.security.filter.FormLoginFilter@1c24639e, com.boilerplate.security.filter.JwtAuthFilter@5f1eff72, org.springframework.security.web.savedrequest.RequestCacheAwareFilter@46c093b4, org.springframework.security.web.servletapi.SecurityContextHolderAwareRequestFilter@7ef34eb3, org.springframework.security.web.authentication.AnonymousAuthenticationFilter@27f43664, org.springframework.security.web.session.SessionManagementFilter@449f9628, org.springframework.security.web.access.ExceptionTranslationFilter@42bbd21c, org.springframework.security.web.access.intercept.FilterSecurityInterceptor@5b908c6d]
2022-11-18 17:06:11,727 DEBUG org.springframework.web.servlet.mvc.method.annotation.RequestMappingHandlerAdapter [main] ControllerAdvice beans: 0 @ModelAttribute, 0 @InitBinder, 1 RequestBodyAdvice, 1 ResponseBodyAdvice
2022-11-18 17:06:11,752 DEBUG org.springframework.web.servlet.mvc.method.annotation.ExceptionHandlerExceptionResolver [main] ControllerAdvice beans: 2 @ExceptionHandler, 1 ResponseBodyAdvice
2022-11-18 17:06:12,074 INFO org.springframework.boot.web.embedded.tomcat.TomcatWebServer [main] Tomcat started on port(s): 8080 (http) with context path ''
2022-11-18 17:06:12,089 INFO org.springframework.boot.StartupInfoLogger [main] Started BoilerPlateApplication in 6.953 seconds (JVM running for 7.956)
2022-11-18 17:06:34,447 INFO org.apache.juli.logging.DirectJDKLog [http-nio-8080-exec-1] Initializing Spring DispatcherServlet 'dispatcherServlet'
2022-11-18 17:06:34,449 INFO org.springframework.web.servlet.FrameworkServlet [http-nio-8080-exec-1] Initializing Servlet 'dispatcherServlet'
2022-11-18 17:06:34,450 DEBUG org.springframework.web.servlet.DispatcherServlet [http-nio-8080-exec-1] Detected StandardServletMultipartResolver
2022-11-18 17:06:34,450 DEBUG org.springframework.web.servlet.DispatcherServlet [http-nio-8080-exec-1] Detected AcceptHeaderLocaleResolver
2022-11-18 17:06:34,450 DEBUG org.springframework.web.servlet.DispatcherServlet [http-nio-8080-exec-1] Detected FixedThemeResolver
2022-11-18 17:06:34,451 DEBUG org.springframework.web.servlet.DispatcherServlet [http-nio-8080-exec-1] Detected org.springframework.web.servlet.view.DefaultRequestToViewNameTranslator@55b7f0d
2022-11-18 17:06:34,451 DEBUG org.springframework.web.servlet.DispatcherServlet [http-nio-8080-exec-1] Detected org.springframework.web.servlet.support.SessionFlashMapManager@441d3ddf
2022-11-18 17:06:34,452 DEBUG org.springframework.web.servlet.FrameworkServlet [http-nio-8080-exec-1] enableLoggingRequestDetails='false': request parameters and headers will be masked to prevent unsafe logging of potentially sensitive data
2022-11-18 17:06:34,452 INFO org.springframework.web.servlet.FrameworkServlet [http-nio-8080-exec-1] Completed initialization in 2 ms
2022-11-18 17:06:34,467 DEBUG org.springframework.core.log.LogFormatUtils [http-nio-8080-exec-1] GET "/swagger-ui/index.html", parameters={}
2022-11-18 17:06:34,475 DEBUG org.springframework.web.servlet.handler.AbstractHandlerMapping [http-nio-8080-exec-1] Mapped to ResourceHttpRequestHandler [classpath [META-INF/resources/webjars/]]
2022-11-18 17:06:34,492 DEBUG org.springframework.web.servlet.FrameworkServlet [http-nio-8080-exec-1] Completed 304 NOT_MODIFIED
2022-11-18 17:06:35,399 DEBUG org.springframework.core.log.LogFormatUtils [http-nio-8080-exec-2] GET "/swagger-ui/swagger-ui.css", parameters={}
2022-11-18 17:06:35,400 DEBUG org.springframework.core.log.LogFormatUtils [http-nio-8080-exec-3] GET "/swagger-ui/swagger-ui-bundle.js", parameters={}
2022-11-18 17:06:35,401 DEBUG org.springframework.core.log.LogFormatUtils [http-nio-8080-exec-6] GET "/swagger-ui/swagger-initializer.js", parameters={}
2022-11-18 17:06:35,401 DEBUG org.springframework.web.servlet.handler.AbstractHandlerMapping [http-nio-8080-exec-2] Mapped to ResourceHttpRequestHandler [classpath [META-INF/resources/webjars/]]
2022-11-18 17:06:35,403 DEBUG org.springframework.web.servlet.handler.AbstractHandlerMapping [http-nio-8080-exec-6] Mapped to ResourceHttpRequestHandler [classpath [META-INF/resources/webjars/]]
2022-11-18 17:06:35,403 DEBUG org.springframework.web.servlet.handler.AbstractHandlerMapping [http-nio-8080-exec-3] Mapped to ResourceHttpRequestHandler [classpath [META-INF/resources/webjars/]]
2022-11-18 17:06:35,399 DEBUG org.springframework.core.log.LogFormatUtils [http-nio-8080-exec-5] GET "/swagger-ui/index.css", parameters={}
2022-11-18 17:06:35,399 DEBUG org.springframework.core.log.LogFormatUtils [http-nio-8080-exec-4] GET "/swagger-ui/swagger-ui-standalone-preset.js", parameters={}
2022-11-18 17:06:35,407 DEBUG org.springframework.web.servlet.handler.AbstractHandlerMapping [http-nio-8080-exec-4] Mapped to ResourceHttpRequestHandler [classpath [META-INF/resources/webjars/]]
2022-11-18 17:06:35,409 DEBUG org.springframework.web.servlet.handler.AbstractHandlerMapping [http-nio-8080-exec-5] Mapped to ResourceHttpRequestHandler [classpath [META-INF/resources/webjars/]]
2022-11-18 17:06:35,427 DEBUG org.springframework.web.servlet.FrameworkServlet [http-nio-8080-exec-5] Completed 304 NOT_MODIFIED
2022-11-18 17:06:35,440 DEBUG org.springframework.web.servlet.FrameworkServlet [http-nio-8080-exec-2] Completed 200 OK
2022-11-18 17:06:35,451 DEBUG org.springframework.web.servlet.FrameworkServlet [http-nio-8080-exec-4] Completed 200 OK
2022-11-18 17:06:35,463 DEBUG org.springframework.web.servlet.FrameworkServlet [http-nio-8080-exec-3] Completed 200 OK
2022-11-18 17:06:35,484 DEBUG org.springframework.web.servlet.FrameworkServlet [http-nio-8080-exec-6] Completed 304 NOT_MODIFIED
2022-11-18 17:06:35,556 DEBUG org.springframework.core.log.LogFormatUtils [http-nio-8080-exec-7] GET "/api-docs/json/swagger-config", parameters={}
2022-11-18 17:06:35,558 DEBUG org.springframework.web.servlet.handler.AbstractHandlerMapping [http-nio-8080-exec-7] Mapped to org.springdoc.webmvc.ui.SwaggerConfigResource#openapiJson(HttpServletRequest)
2022-11-18 17:06:35,585 DEBUG org.springframework.web.servlet.mvc.method.annotation.AbstractMessageConverterMethodProcessor [http-nio-8080-exec-7] Using 'application/json', given [*/*] and supported [application/json]
2022-11-18 17:06:35,588 DEBUG org.springframework.core.log.LogFormatUtils [http-nio-8080-exec-7] Writing [{configUrl=/api-docs/json/swagger-config, oauth2RedirectUrl=http://localhost:8080/swagger-ui/oauth2- (truncated)...]
2022-11-18 17:06:35,641 DEBUG org.springframework.web.servlet.FrameworkServlet [http-nio-8080-exec-7] Completed 200 OK
2022-11-18 17:06:35,664 DEBUG org.springframework.core.log.LogFormatUtils [http-nio-8080-exec-8] GET "/api-docs/json/v1", parameters={}
2022-11-18 17:06:35,672 DEBUG org.springframework.web.servlet.handler.AbstractHandlerMapping [http-nio-8080-exec-8] Mapped to org.springdoc.webmvc.api.MultipleOpenApiWebMvcResource#openapiJson(HttpServletRequest, String, String, Locale)
2022-11-18 17:06:36,219 INFO org.springdoc.api.AbstractOpenApiResource [http-nio-8080-exec-8] Init duration for springdoc-openapi is: 515 ms
2022-11-18 17:06:36,250 DEBUG org.springframework.web.servlet.mvc.method.annotation.AbstractMessageConverterMethodProcessor [http-nio-8080-exec-8] Using 'application/json', given [application/json, */*] and supported [application/json]
2022-11-18 17:06:36,252 DEBUG org.springframework.core.log.LogFormatUtils [http-nio-8080-exec-8] Writing ["{"openapi":"3.0.1","info":{"title":"지만이의 과제 명세서","description":"게시판과 정산","version":"v1"},"servers":[ (truncated)..."]
2022-11-18 17:06:36,254 DEBUG org.springframework.web.servlet.FrameworkServlet [http-nio-8080-exec-8] Completed 200 OK
2022-11-18 18:23:37,529 WARN com.zaxxer.hikari.pool.HikariPool$HouseKeeper [HikariPool-1 housekeeper] HikariPool-1 - Retrograde clock change detected (housekeeper delta=27s728ms), soft-evicting connections from pool.
2022-11-18 19:34:40,599 WARN com.zaxxer.hikari.pool.HikariPool$HouseKeeper [HikariPool-1 housekeeper] HikariPool-1 - Thread starvation or clock leap detected (housekeeper delta=16m30s254ms).
2022-11-18 19:50:57,449 WARN com.zaxxer.hikari.pool.HikariPool$HouseKeeper [HikariPool-1 housekeeper] HikariPool-1 - Thread starvation or clock leap detected (housekeeper delta=15m46s862ms).
2022-11-18 19:56:21,048 WARN com.zaxxer.hikari.pool.HikariPool$HouseKeeper [HikariPool-1 housekeeper] HikariPool-1 - Thread starvation or clock leap detected (housekeeper delta=5m23s599ms).
2022-11-18 20:13:47,939 WARN com.zaxxer.hikari.pool.HikariPool$HouseKeeper [HikariPool-1 housekeeper] HikariPool-1 - Thread starvation or clock leap detected (housekeeper delta=16m56s887ms).
2022-11-18 20:32:02,836 WARN com.zaxxer.hikari.pool.HikariPool$HouseKeeper [HikariPool-1 housekeeper] HikariPool-1 - Thread starvation or clock leap detected (housekeeper delta=17m44s871ms).
2022-11-18 20:48:07,748 WARN com.zaxxer.hikari.pool.HikariPool$HouseKeeper [HikariPool-1 housekeeper] HikariPool-1 - Thread starvation or clock leap detected (housekeeper delta=15m34s901ms).
2022-11-18 21:03:55,666 WARN com.zaxxer.hikari.pool.HikariPool$HouseKeeper [HikariPool-1 housekeeper] HikariPool-1 - Thread starvation or clock leap detected (housekeeper delta=15m47s919ms).
2022-11-18 21:19:59,353 WARN com.zaxxer.hikari.pool.HikariPool$HouseKeeper [HikariPool-1 housekeeper] HikariPool-1 - Thread starvation or clock leap detected (housekeeper delta=15m33s676ms).
2022-11-18 21:36:05,213 WARN com.zaxxer.hikari.pool.HikariPool$HouseKeeper [HikariPool-1 housekeeper] HikariPool-1 - Thread starvation or clock leap detected (housekeeper delta=15m35s859ms).
2022-11-18 21:53:00,300 WARN com.zaxxer.hikari.pool.HikariPool$HouseKeeper [HikariPool-1 housekeeper] HikariPool-1 - Thread starvation or clock leap detected (housekeeper delta=16m55s87ms).
2022-11-18 22:11:38,172 WARN com.zaxxer.hikari.pool.HikariPool$HouseKeeper [HikariPool-1 housekeeper] HikariPool-1 - Thread starvation or clock leap detected (housekeeper delta=18m7s867ms).
2022-11-18 22:28:44,898 WARN com.zaxxer.hikari.pool.HikariPool$HouseKeeper [HikariPool-1 housekeeper] HikariPool-1 - Thread starvation or clock leap detected (housekeeper delta=16m36s717ms).
2022-11-18 22:41:11,774 WARN com.zaxxer.hikari.pool.HikariPool$HouseKeeper [HikariPool-1 housekeeper] HikariPool-1 - Thread starvation or clock leap detected (housekeeper delta=11m56s873ms).
2022-11-18 22:58:48,741 WARN com.zaxxer.hikari.pool.HikariPool$HouseKeeper [HikariPool-1 housekeeper] HikariPool-1 - Thread starvation or clock leap detected (housekeeper delta=17m36s967ms).
2022-11-18 23:16:34,689 WARN com.zaxxer.hikari.pool.HikariPool$HouseKeeper [HikariPool-1 housekeeper] HikariPool-1 - Thread starvation or clock leap detected (housekeeper delta=17m15s943ms).
2022-11-18 23:22:28,248 WARN com.zaxxer.hikari.pool.HikariPool$HouseKeeper [HikariPool-1 housekeeper] HikariPool-1 - Thread starvation or clock leap detected (housekeeper delta=5m23s541ms).
2022-11-18 23:24:26,926 WARN com.zaxxer.hikari.pool.HikariPool$HouseKeeper [HikariPool-1 housekeeper] HikariPool-1 - Thread starvation or clock leap detected (housekeeper delta=58s662ms).
2022-11-18 23:27:28,635 WARN com.zaxxer.hikari.pool.HikariPool$HouseKeeper [HikariPool-1 housekeeper] HikariPool-1 - Thread starvation or clock leap detected (housekeeper delta=3m1s710ms).
2022-11-18 23:43:54,703 WARN com.zaxxer.hikari.pool.HikariPool$HouseKeeper [HikariPool-1 housekeeper] HikariPool-1 - Thread starvation or clock leap detected (housekeeper delta=15m56s58ms).
